\BOOKMARK [1][-]{section.1}{\376\377\000I\000n\000t\000r\000o\000d\000u\000c\000t\000i\000o\000n}{}% 1
\BOOKMARK [2][-]{subsection.1.1}{\376\377\000P\000u\000r\000p\000o\000s\000e}{section.1}% 2
\BOOKMARK [2][-]{subsection.1.2}{\376\377\000I\000n\000t\000e\000n\000d\000e\000d\000\040\000A\000u\000d\000i\000e\000n\000c\000e}{section.1}% 3
\BOOKMARK [2][-]{subsection.1.3}{\376\377\000S\000c\000o\000p\000e}{section.1}% 4
\BOOKMARK [2][-]{subsection.1.4}{\376\377\000O\000v\000e\000r\000v\000i\000e\000w}{section.1}% 5
\BOOKMARK [1][-]{section.2}{\376\377\000P\000r\000o\000d\000u\000c\000t\000\040\000V\000i\000s\000i\000o\000n\000\040\000a\000n\000d\000\040\000S\000c\000o\000p\000e}{}% 6
\BOOKMARK [2][-]{subsection.2.1}{\376\377\000P\000r\000o\000d\000u\000c\000t\000\040\000V\000i\000s\000i\000o\000n}{section.2}% 7
\BOOKMARK [2][-]{subsection.2.2}{\376\377\000I\000n\000\040\000S\000c\000o\000p\000e}{section.2}% 8
\BOOKMARK [3][-]{subsubsection.2.2.1}{\376\377\000C\000u\000s\000t\000o\000m\000e\000r\000\040\000F\000e\000a\000t\000u\000r\000e\000s}{subsection.2.2}% 9
\BOOKMARK [3][-]{subsubsection.2.2.2}{\376\377\000V\000e\000n\000d\000o\000r\000\040\000F\000e\000a\000t\000u\000r\000e\000s}{subsection.2.2}% 10
\BOOKMARK [3][-]{subsubsection.2.2.3}{\376\377\000A\000d\000m\000i\000n\000\040\000F\000e\000a\000t\000u\000r\000e\000s}{subsection.2.2}% 11
\BOOKMARK [2][-]{subsection.2.3}{\376\377\000O\000u\000t\000\040\000o\000f\000\040\000S\000c\000o\000p\000e}{section.2}% 12
\BOOKMARK [1][-]{section.3}{\376\377\000H\000i\000g\000h\000-\000L\000e\000v\000e\000l\000\040\000A\000r\000c\000h\000i\000t\000e\000c\000t\000u\000r\000e}{}% 13
\BOOKMARK [2][-]{subsection.3.1}{\376\377\000P\000a\000s\000s\000w\000o\000r\000d\000\040\000S\000e\000c\000u\000r\000i\000t\000y\000:\000\040\000B\000c\000r\000y\000p\000t\000\040\000H\000a\000s\000h\000i\000n\000g\000\040\000I\000m\000p\000l\000e\000m\000e\000n\000t\000a\000t\000i\000o\000n}{section.3}% 14
\BOOKMARK [2][-]{subsection.3.2}{\376\377\000D\000a\000t\000a\000\040\000P\000r\000e\000s\000e\000r\000v\000a\000t\000i\000o\000n\000\040\000S\000t\000r\000a\000t\000e\000g\000y\000:\000\040\000S\000o\000f\000t\000\040\000D\000e\000l\000e\000t\000e\000s}{section.3}% 15
\BOOKMARK [3][-]{subsubsection.3.2.1}{\376\377\000T\000e\000c\000h\000n\000i\000c\000a\000l\000\040\000I\000m\000p\000l\000e\000m\000e\000n\000t\000a\000t\000i\000o\000n}{subsection.3.2}% 16
\BOOKMARK [3][-]{subsubsection.3.2.2}{\376\377\000S\000e\000c\000u\000r\000i\000t\000y\000\040\000C\000o\000n\000f\000i\000g\000u\000r\000a\000t\000i\000o\000n}{subsection.3.2}% 17
\BOOKMARK [3][-]{subsubsection.3.2.3}{\376\377\000I\000n\000t\000e\000g\000r\000a\000t\000i\000o\000n\000\040\000P\000o\000i\000n\000t\000s}{subsection.3.2}% 18
\BOOKMARK [3][-]{subsubsection.3.2.4}{\376\377\000S\000e\000c\000u\000r\000i\000t\000y\000\040\000B\000e\000n\000e\000f\000i\000t\000s\000\040\000a\000n\000d\000\040\000T\000h\000r\000e\000a\000t\000\040\000M\000i\000t\000i\000g\000a\000t\000i\000o\000n}{subsection.3.2}% 19
\BOOKMARK [3][-]{subsubsection.3.2.5}{\376\377\000P\000e\000r\000f\000o\000r\000m\000a\000n\000c\000e\000\040\000C\000o\000n\000s\000i\000d\000e\000r\000a\000t\000i\000o\000n\000s}{subsection.3.2}% 20
\BOOKMARK [3][-]{subsubsection.3.2.6}{\376\377\000C\000o\000m\000p\000l\000i\000a\000n\000c\000e\000\040\000a\000n\000d\000\040\000B\000e\000s\000t\000\040\000P\000r\000a\000c\000t\000i\000c\000e\000s}{subsection.3.2}% 21
\BOOKMARK [3][-]{subsubsection.3.2.7}{\376\377\000F\000u\000t\000u\000r\000e\000\040\000E\000n\000h\000a\000n\000c\000e\000m\000e\000n\000t\000s}{subsection.3.2}% 22
\BOOKMARK [3][-]{subsubsection.3.2.8}{\376\377\000A\000d\000v\000a\000n\000c\000e\000d\000\040\000I\000m\000p\000l\000e\000m\000e\000n\000t\000a\000t\000i\000o\000n\000\040\000P\000a\000t\000t\000e\000r\000n\000s}{subsection.3.2}% 23
\BOOKMARK [3][-]{subsubsection.3.2.9}{\376\377\000P\000e\000r\000f\000o\000r\000m\000a\000n\000c\000e\000\040\000E\000n\000g\000i\000n\000e\000e\000r\000i\000n\000g\000\040\000a\000n\000d\000\040\000O\000p\000t\000i\000m\000i\000z\000a\000t\000i\000o\000n}{subsection.3.2}% 24
\BOOKMARK [3][-]{subsubsection.3.2.10}{\376\377\000E\000n\000t\000e\000r\000p\000r\000i\000s\000e\000-\000G\000r\000a\000d\000e\000\040\000S\000e\000c\000u\000r\000i\000t\000y\000\040\000E\000n\000h\000a\000n\000c\000e\000m\000e\000n\000t\000s}{subsection.3.2}% 25
\BOOKMARK [3][-]{subsubsection.3.2.11}{\376\377\000C\000o\000m\000p\000l\000i\000a\000n\000c\000e\000\040\000a\000n\000d\000\040\000R\000e\000g\000u\000l\000a\000t\000o\000r\000y\000\040\000A\000l\000i\000g\000n\000m\000e\000n\000t}{subsection.3.2}% 26
\BOOKMARK [3][-]{subsubsection.3.2.12}{\376\377\000D\000i\000s\000a\000s\000t\000e\000r\000\040\000R\000e\000c\000o\000v\000e\000r\000y\000\040\000a\000n\000d\000\040\000B\000u\000s\000i\000n\000e\000s\000s\000\040\000C\000o\000n\000t\000i\000n\000u\000i\000t\000y}{subsection.3.2}% 27
\BOOKMARK [3][-]{subsubsection.3.2.13}{\376\377\000C\000o\000d\000e\000\040\000I\000m\000p\000l\000e\000m\000e\000n\000t\000a\000t\000i\000o\000n\000\040\000D\000e\000t\000a\000i\000l\000s}{subsection.3.2}% 28
\BOOKMARK [3][-]{subsubsection.3.2.14}{\376\377\000T\000e\000s\000t\000i\000n\000g\000\040\000a\000n\000d\000\040\000Q\000u\000a\000l\000i\000t\000y\000\040\000A\000s\000s\000u\000r\000a\000n\000c\000e}{subsection.3.2}% 29
\BOOKMARK [3][-]{subsubsection.3.2.15}{\376\377\000I\000n\000d\000u\000s\000t\000r\000y\000\040\000C\000o\000m\000p\000a\000r\000i\000s\000o\000n\000\040\000a\000n\000d\000\040\000B\000e\000n\000c\000h\000m\000a\000r\000k\000i\000n\000g}{subsection.3.2}% 30
\BOOKMARK [3][-]{subsubsection.3.2.16}{\376\377\000C\000o\000s\000t\000-\000B\000e\000n\000e\000f\000i\000t\000\040\000A\000n\000a\000l\000y\000s\000i\000s}{subsection.3.2}% 31
\BOOKMARK [3][-]{subsubsection.3.2.17}{\376\377\000L\000e\000s\000s\000o\000n\000s\000\040\000L\000e\000a\000r\000n\000e\000d\000\040\000a\000n\000d\000\040\000B\000e\000s\000t\000\040\000P\000r\000a\000c\000t\000i\000c\000e\000s}{subsection.3.2}% 32
\BOOKMARK [3][-]{subsubsection.3.2.18}{\376\377\000I\000m\000p\000l\000e\000m\000e\000n\000t\000a\000t\000i\000o\000n\000\040\000A\000r\000c\000h\000i\000t\000e\000c\000t\000u\000r\000e}{subsection.3.2}% 33
\BOOKMARK [3][-]{subsubsection.3.2.19}{\376\377\000A\000p\000p\000l\000i\000c\000a\000t\000i\000o\000n\000\040\000L\000a\000y\000e\000r\000\040\000L\000o\000g\000i\000c}{subsection.3.2}% 34
\BOOKMARK [3][-]{subsubsection.3.2.20}{\376\377\000S\000y\000s\000t\000e\000m\000\040\000I\000m\000p\000a\000c\000t\000\040\000a\000n\000d\000\040\000C\000o\000n\000s\000i\000d\000e\000r\000a\000t\000i\000o\000n\000s}{subsection.3.2}% 35
\BOOKMARK [3][-]{subsubsection.3.2.21}{\376\377\000U\000s\000e\000r\000\040\000E\000x\000p\000e\000r\000i\000e\000n\000c\000e\000\040\000I\000m\000p\000a\000c\000t}{subsection.3.2}% 36
\BOOKMARK [3][-]{subsubsection.3.2.22}{\376\377\000D\000a\000t\000a\000\040\000L\000i\000f\000e\000c\000y\000c\000l\000e\000\040\000M\000a\000n\000a\000g\000e\000m\000e\000n\000t}{subsection.3.2}% 37
\BOOKMARK [3][-]{subsubsection.3.2.23}{\376\377\000A\000d\000v\000a\000n\000c\000e\000d\000\040\000I\000m\000p\000l\000e\000m\000e\000n\000t\000a\000t\000i\000o\000n\000\040\000P\000a\000t\000t\000e\000r\000n\000s}{subsection.3.2}% 38
\BOOKMARK [3][-]{subsubsection.3.2.24}{\376\377\000M\000o\000n\000i\000t\000o\000r\000i\000n\000g\000\040\000a\000n\000d\000\040\000O\000b\000s\000e\000r\000v\000a\000b\000i\000l\000i\000t\000y}{subsection.3.2}% 39
\BOOKMARK [3][-]{subsubsection.3.2.25}{\376\377\000D\000i\000s\000a\000s\000t\000e\000r\000\040\000R\000e\000c\000o\000v\000e\000r\000y\000\040\000a\000n\000d\000\040\000B\000u\000s\000i\000n\000e\000s\000s\000\040\000C\000o\000n\000t\000i\000n\000u\000i\000t\000y}{subsection.3.2}% 40
\BOOKMARK [3][-]{subsubsection.3.2.26}{\376\377\000S\000c\000a\000l\000a\000b\000i\000l\000i\000t\000y\000\040\000C\000o\000n\000s\000i\000d\000e\000r\000a\000t\000i\000o\000n\000s}{subsection.3.2}% 41
\BOOKMARK [3][-]{subsubsection.3.2.27}{\376\377\000I\000n\000d\000u\000s\000t\000r\000y\000\040\000B\000e\000s\000t\000\040\000P\000r\000a\000c\000t\000i\000c\000e\000s\000\040\000A\000l\000i\000g\000n\000m\000e\000n\000t}{subsection.3.2}% 42
\BOOKMARK [3][-]{subsubsection.3.2.28}{\376\377\000A\000d\000v\000a\000n\000c\000e\000d\000\040\000S\000e\000c\000u\000r\000i\000t\000y\000\040\000C\000o\000n\000s\000i\000d\000e\000r\000a\000t\000i\000o\000n\000s}{subsection.3.2}% 43
\BOOKMARK [3][-]{subsubsection.3.2.29}{\376\377\000C\000o\000s\000t\000-\000B\000e\000n\000e\000f\000i\000t\000\040\000A\000n\000a\000l\000y\000s\000i\000s}{subsection.3.2}% 44
\BOOKMARK [3][-]{subsubsection.3.2.30}{\376\377\000T\000e\000s\000t\000i\000n\000g\000\040\000a\000n\000d\000\040\000Q\000u\000a\000l\000i\000t\000y\000\040\000A\000s\000s\000u\000r\000a\000n\000c\000e}{subsection.3.2}% 45
\BOOKMARK [1][-]{section.4}{\376\377\000F\000u\000n\000c\000t\000i\000o\000n\000a\000l\000\040\000R\000e\000q\000u\000i\000r\000e\000m\000e\000n\000t\000s}{}% 46
\BOOKMARK [2][-]{subsection.4.1}{\376\377\000U\000s\000e\000r\000\040\000S\000t\000o\000r\000i\000e\000s}{section.4}% 47
\BOOKMARK [3][-]{subsubsection.4.1.1}{\376\377\000F\000o\000o\000d\000\040\000T\000r\000u\000c\000k\000\040\000C\000u\000s\000t\000o\000m\000e\000r\000\040\000U\000s\000e\000r\000\040\000S\000t\000o\000r\000i\000e\000s}{subsection.4.1}% 48
\BOOKMARK [3][-]{subsubsection.4.1.2}{\376\377\000F\000o\000o\000d\000\040\000T\000r\000u\000c\000k\000\040\000S\000e\000r\000v\000i\000c\000e\000\040\000P\000r\000o\000v\000i\000d\000e\000r\000\040\000U\000s\000e\000r\000\040\000S\000t\000o\000r\000i\000e\000s}{subsection.4.1}% 49
\BOOKMARK [3][-]{subsubsection.4.1.3}{\376\377\000F\000o\000o\000d\000\040\000T\000r\000u\000c\000k\000\040\000A\000d\000m\000i\000n\000\040\000U\000s\000e\000r\000\040\000S\000t\000o\000r\000i\000e\000s}{subsection.4.1}% 50
\BOOKMARK [2][-]{subsection.4.2}{\376\377\000U\000s\000e\000\040\000C\000a\000s\000e\000\040\000D\000i\000a\000g\000r\000a\000m\000s}{section.4}% 51
\BOOKMARK [1][-]{section.5}{\376\377\000N\000o\000n\000-\000F\000u\000n\000c\000t\000i\000o\000n\000a\000l\000\040\000R\000e\000q\000u\000i\000r\000e\000m\000e\000n\000t\000s}{}% 52
\BOOKMARK [1][-]{section.6}{\376\377\000I\000n\000t\000e\000r\000f\000a\000c\000e\000\040\000R\000e\000q\000u\000i\000r\000e\000m\000e\000n\000t\000s}{}% 53
\BOOKMARK [1][-]{section.7}{\376\377\000C\000o\000n\000s\000t\000r\000a\000i\000n\000t\000s}{}% 54
\BOOKMARK [2][-]{subsection.7.1}{\376\377\000T\000e\000c\000h\000n\000i\000c\000a\000l\000\040\000C\000o\000n\000s\000t\000r\000a\000i\000n\000t\000s}{section.7}% 55
\BOOKMARK [2][-]{subsection.7.2}{\376\377\000O\000p\000e\000r\000a\000t\000i\000o\000n\000a\000l\000\040\000C\000o\000n\000s\000t\000r\000a\000i\000n\000t\000s}{section.7}% 56
\BOOKMARK [2][-]{subsection.7.3}{\376\377\000R\000e\000s\000o\000u\000r\000c\000e\000\040\000C\000o\000n\000s\000t\000r\000a\000i\000n\000t\000s}{section.7}% 57
\BOOKMARK [2][-]{subsection.7.4}{\376\377\000R\000e\000g\000u\000l\000a\000t\000o\000r\000y\000\040\000a\000n\000d\000\040\000P\000o\000l\000i\000c\000y\000\040\000C\000o\000n\000s\000t\000r\000a\000i\000n\000t\000s}{section.7}% 58
\BOOKMARK [2][-]{subsection.7.5}{\376\377\000U\000s\000e\000r\000\040\000a\000n\000d\000\040\000U\000s\000a\000b\000i\000l\000i\000t\000y\000\040\000C\000o\000n\000s\000t\000r\000a\000i\000n\000t\000s}{section.7}% 59
\BOOKMARK [2][-]{subsection.7.6}{\376\377\000D\000e\000s\000i\000g\000n\000\040\000a\000n\000d\000\040\000A\000r\000c\000h\000i\000t\000e\000c\000t\000u\000r\000a\000l\000\040\000C\000o\000n\000s\000t\000r\000a\000i\000n\000t\000s}{section.7}% 60
\BOOKMARK [1][-]{section.8}{\376\377\000C\000o\000n\000t\000i\000n\000u\000o\000u\000s\000\040\000I\000n\000t\000e\000g\000r\000a\000t\000i\000o\000n\000\040\000a\000n\000d\000\040\000C\000o\000n\000t\000i\000n\000u\000o\000u\000s\000\040\000D\000e\000p\000l\000o\000y\000m\000e\000n\000t\000\040\000P\000i\000p\000e\000l\000i\000n\000e}{}% 61
\BOOKMARK [2][-]{subsection.8.1}{\376\377\000O\000v\000e\000r\000v\000i\000e\000w\000\040\000a\000n\000d\000\040\000P\000u\000r\000p\000o\000s\000e}{section.8}% 62
\BOOKMARK [2][-]{subsection.8.2}{\376\377\000P\000i\000p\000e\000l\000i\000n\000e\000\040\000A\000r\000c\000h\000i\000t\000e\000c\000t\000u\000r\000e}{section.8}% 63
\BOOKMARK [3][-]{subsubsection.8.2.1}{\376\377\000T\000e\000c\000h\000n\000o\000l\000o\000g\000y\000\040\000S\000t\000a\000c\000k}{subsection.8.2}% 64
\BOOKMARK [3][-]{subsubsection.8.2.2}{\376\377\000P\000i\000p\000e\000l\000i\000n\000e\000\040\000S\000t\000a\000g\000e\000s}{subsection.8.2}% 65
\BOOKMARK [2][-]{subsection.8.3}{\376\377\000B\000r\000a\000n\000c\000h\000i\000n\000g\000\040\000S\000t\000r\000a\000t\000e\000g\000y\000\040\000a\000n\000d\000\040\000W\000o\000r\000k\000f\000l\000o\000w}{section.8}% 66
\BOOKMARK [3][-]{subsubsection.8.3.1}{\376\377\000G\000i\000t\000\040\000B\000r\000a\000n\000c\000h\000i\000n\000g\000\040\000M\000o\000d\000e\000l}{subsection.8.3}% 67
\BOOKMARK [3][-]{subsubsection.8.3.2}{\376\377\000P\000u\000l\000l\000\040\000R\000e\000q\000u\000e\000s\000t\000\040\000W\000o\000r\000k\000f\000l\000o\000w}{subsection.8.3}% 68
\BOOKMARK [2][-]{subsection.8.4}{\376\377\000E\000n\000v\000i\000r\000o\000n\000m\000e\000n\000t\000\040\000M\000a\000n\000a\000g\000e\000m\000e\000n\000t}{section.8}% 69
\BOOKMARK [3][-]{subsubsection.8.4.1}{\376\377\000E\000n\000v\000i\000r\000o\000n\000m\000e\000n\000t\000\040\000T\000i\000e\000r\000s}{subsection.8.4}% 70
\BOOKMARK [3][-]{subsubsection.8.4.2}{\376\377\000C\000o\000n\000f\000i\000g\000u\000r\000a\000t\000i\000o\000n\000\040\000M\000a\000n\000a\000g\000e\000m\000e\000n\000t}{subsection.8.4}% 71
\BOOKMARK [2][-]{subsection.8.5}{\376\377\000A\000u\000t\000o\000m\000a\000t\000e\000d\000\040\000T\000e\000s\000t\000i\000n\000g\000\040\000S\000t\000r\000a\000t\000e\000g\000y}{section.8}% 72
\BOOKMARK [3][-]{subsubsection.8.5.1}{\376\377\000T\000e\000s\000t\000\040\000C\000o\000v\000e\000r\000a\000g\000e\000\040\000R\000e\000q\000u\000i\000r\000e\000m\000e\000n\000t\000s}{subsection.8.5}% 73
\BOOKMARK [3][-]{subsubsection.8.5.2}{\376\377\000T\000e\000s\000t\000\040\000T\000y\000p\000e\000s\000\040\000a\000n\000d\000\040\000E\000x\000e\000c\000u\000t\000i\000o\000n}{subsection.8.5}% 74
\BOOKMARK [2][-]{subsection.8.6}{\376\377\000D\000e\000p\000l\000o\000y\000m\000e\000n\000t\000\040\000S\000t\000r\000a\000t\000e\000g\000i\000e\000s}{section.8}% 75
\BOOKMARK [3][-]{subsubsection.8.6.1}{\376\377\000R\000o\000l\000l\000i\000n\000g\000\040\000D\000e\000p\000l\000o\000y\000m\000e\000n\000t}{subsection.8.6}% 76
\BOOKMARK [3][-]{subsubsection.8.6.2}{\376\377\000D\000a\000t\000a\000b\000a\000s\000e\000\040\000M\000i\000g\000r\000a\000t\000i\000o\000n\000\040\000H\000a\000n\000d\000l\000i\000n\000g}{subsection.8.6}% 77
\BOOKMARK [2][-]{subsection.8.7}{\376\377\000M\000o\000n\000i\000t\000o\000r\000i\000n\000g\000\040\000a\000n\000d\000\040\000O\000b\000s\000e\000r\000v\000a\000b\000i\000l\000i\000t\000y}{section.8}% 78
\BOOKMARK [3][-]{subsubsection.8.7.1}{\376\377\000P\000i\000p\000e\000l\000i\000n\000e\000\040\000M\000o\000n\000i\000t\000o\000r\000i\000n\000g}{subsection.8.7}% 79
\BOOKMARK [3][-]{subsubsection.8.7.2}{\376\377\000A\000p\000p\000l\000i\000c\000a\000t\000i\000o\000n\000\040\000M\000o\000n\000i\000t\000o\000r\000i\000n\000g\000\040\000P\000o\000s\000t\000-\000D\000e\000p\000l\000o\000y\000m\000e\000n\000t}{subsection.8.7}% 80
\BOOKMARK [2][-]{subsection.8.8}{\376\377\000S\000e\000c\000u\000r\000i\000t\000y\000\040\000a\000n\000d\000\040\000C\000o\000m\000p\000l\000i\000a\000n\000c\000e}{section.8}% 81
\BOOKMARK [3][-]{subsubsection.8.8.1}{\376\377\000P\000i\000p\000e\000l\000i\000n\000e\000\040\000S\000e\000c\000u\000r\000i\000t\000y}{subsection.8.8}% 82
\BOOKMARK [3][-]{subsubsection.8.8.2}{\376\377\000A\000c\000c\000e\000s\000s\000\040\000C\000o\000n\000t\000r\000o\000l\000s}{subsection.8.8}% 83
\BOOKMARK [2][-]{subsection.8.9}{\376\377\000B\000e\000n\000e\000f\000i\000t\000s\000\040\000a\000n\000d\000\040\000I\000m\000p\000a\000c\000t}{section.8}% 84
\BOOKMARK [2][-]{subsection.8.10}{\376\377\000A\000d\000v\000a\000n\000c\000e\000d\000\040\000P\000i\000p\000e\000l\000i\000n\000e\000\040\000E\000n\000g\000i\000n\000e\000e\000r\000i\000n\000g}{section.8}% 85
\BOOKMARK [3][-]{subsubsection.8.10.1}{\376\377\000P\000i\000p\000e\000l\000i\000n\000e\000\040\000P\000e\000r\000f\000o\000r\000m\000a\000n\000c\000e\000\040\000O\000p\000t\000i\000m\000i\000z\000a\000t\000i\000o\000n}{subsection.8.10}% 86
\BOOKMARK [3][-]{subsubsection.8.10.2}{\376\377\000I\000n\000f\000r\000a\000s\000t\000r\000u\000c\000t\000u\000r\000e\000\040\000a\000s\000\040\000C\000o\000d\000e\000\040\000\050\000I\000a\000C\000\051}{subsection.8.10}% 87
\BOOKMARK [3][-]{subsubsection.8.10.3}{\376\377\000T\000e\000s\000t\000\040\000A\000u\000t\000o\000m\000a\000t\000i\000o\000n\000\040\000S\000t\000r\000a\000t\000e\000g\000y}{subsection.8.10}% 88
\BOOKMARK [3][-]{subsubsection.8.10.4}{\376\377\000D\000e\000p\000l\000o\000y\000m\000e\000n\000t\000\040\000S\000t\000r\000a\000t\000e\000g\000i\000e\000s\000\040\000a\000n\000d\000\040\000P\000a\000t\000t\000e\000r\000n\000s}{subsection.8.10}% 89
\BOOKMARK [3][-]{subsubsection.8.10.5}{\376\377\000O\000b\000s\000e\000r\000v\000a\000b\000i\000l\000i\000t\000y\000\040\000a\000n\000d\000\040\000M\000o\000n\000i\000t\000o\000r\000i\000n\000g\000\040\000I\000n\000t\000e\000g\000r\000a\000t\000i\000o\000n}{subsection.8.10}% 90
\BOOKMARK [3][-]{subsubsection.8.10.6}{\376\377\000S\000e\000c\000u\000r\000i\000t\000y\000\040\000H\000a\000r\000d\000e\000n\000i\000n\000g\000\040\000a\000n\000d\000\040\000C\000o\000m\000p\000l\000i\000a\000n\000c\000e}{subsection.8.10}% 91
\BOOKMARK [3][-]{subsubsection.8.10.7}{\376\377\000C\000o\000s\000t\000\040\000O\000p\000t\000i\000m\000i\000z\000a\000t\000i\000o\000n\000\040\000a\000n\000d\000\040\000R\000e\000s\000o\000u\000r\000c\000e\000\040\000M\000a\000n\000a\000g\000e\000m\000e\000n\000t}{subsection.8.10}% 92
\BOOKMARK [3][-]{subsubsection.8.10.8}{\376\377\000T\000e\000a\000m\000\040\000W\000o\000r\000k\000f\000l\000o\000w\000\040\000a\000n\000d\000\040\000D\000e\000v\000e\000l\000o\000p\000e\000r\000\040\000E\000x\000p\000e\000r\000i\000e\000n\000c\000e}{subsection.8.10}% 93
\BOOKMARK [3][-]{subsubsection.8.10.9}{\376\377\000I\000n\000d\000u\000s\000t\000r\000y\000\040\000C\000o\000m\000p\000a\000r\000i\000s\000o\000n\000\040\000a\000n\000d\000\040\000B\000e\000n\000c\000h\000m\000a\000r\000k\000i\000n\000g}{subsection.8.10}% 94
\BOOKMARK [3][-]{subsubsection.8.10.10}{\376\377\000L\000e\000s\000s\000o\000n\000s\000\040\000L\000e\000a\000r\000n\000e\000d\000\040\000a\000n\000d\000\040\000B\000e\000s\000t\000\040\000P\000r\000a\000c\000t\000i\000c\000e\000s}{subsection.8.10}% 95
\BOOKMARK [3][-]{subsubsection.8.10.11}{\376\377\000F\000u\000t\000u\000r\000e\000\040\000E\000n\000h\000a\000n\000c\000e\000m\000e\000n\000t\000s\000\040\000a\000n\000d\000\040\000R\000o\000a\000d\000m\000a\000p}{subsection.8.10}% 96
\BOOKMARK [1][-]{section.9}{\376\377\000F\000u\000t\000u\000r\000e\000\040\000S\000c\000o\000p\000e\000\040\000o\000f\000\040\000t\000h\000e\000\040\000P\000r\000o\000j\000e\000c\000t}{}% 97
\BOOKMARK [1][-]{section.9}{\376\377\000N\000o\000t\000e\000s}{}% 98
